Unity Editor version:    2021.1.23f1 (b50729e604a9)
Branch:                  2021.1/staging
Build type:              Release
Batch mode:              YES
macOS version:           Version 11.5.2 (Build 20G95)
Darwin version:          20.6.0
Architecture:            x86_64
Running under Rosetta:   NO
Available memory:        16384 MB
Using pre-set license
Pro License: NO
Pro License: NO

COMMAND LINE ARGUMENTS:
/Applications/Unity/Hub/Editor/2021.1.23f1/Unity.app/Contents/MacOS/Unity
-adb2
-batchMode
-noUpm
-name
AssetImportWorker0
-projectPath
/Users/juanmarcosviudezfernandez/Desktop/TITULOS/GAME PAINTBALL/NewPaintball
-logFile
Logs/AssetImportWorker0.log
-srvPort
57597
Successfully changed project path to: /Users/juanmarcosviudezfernandez/Desktop/TITULOS/GAME PAINTBALL/NewPaintball
/Users/juanmarcosviudezfernandez/Desktop/TITULOS/GAME PAINTBALL/NewPaintball
Using Asset Import Pipeline V2.
Default GameObject Tag: waypoint already registered
Default GameObject Tag: zombie already registered
Default GameObject Tag: waypoint already registered
Refreshing native plugins compatible for Editor in 123.80 ms, found 2 plugins.
Preloading 0 native plugins for Editor in 0.00 ms.
Initialize engine version: 2021.1.23f1 (b50729e604a9)
[Subsystems] Discovering subsystems at path /Applications/Unity/Hub/Editor/2021.1.23f1/Unity.app/Contents/Resources/UnitySubsystems
[Subsystems] Discovering subsystems at path /Users/juanmarcosviudezfernandez/Desktop/TITULOS/GAME PAINTBALL/NewPaintball/Assets
GfxDevice: creating device client; threaded=0; jobified=0
2021-10-06 19:28:47.342 Unity[97938:3631262] Color LCD preferred device: AMD Radeon Pro 460 (high power)
2021-10-06 19:28:47.342 Unity[97938:3631262] Metal devices available: 2
2021-10-06 19:28:47.342 Unity[97938:3631262] 0: AMD Radeon Pro 460 (high power)
2021-10-06 19:28:47.342 Unity[97938:3631262] 1: Intel(R) HD Graphics 530 (low power)
2021-10-06 19:28:47.342 Unity[97938:3631262] Using device AMD Radeon Pro 460 (high power)
Initializing Metal device caps: AMD Radeon Pro 460
Initialize mono
Mono path[0] = '/Applications/Unity/Hub/Editor/2021.1.23f1/Unity.app/Contents/Managed'
Mono path[1] = '/Applications/Unity/Hub/Editor/2021.1.23f1/Unity.app/Contents/MonoBleedingEdge/lib/mono/unityjit'
Mono config path = '/Applications/Unity/Hub/Editor/2021.1.23f1/Unity.app/Contents/MonoBleedingEdge/etc'
Using monoOptions --debugger-agent=transport=dt_socket,embedding=1,server=y,suspend=n,address=127.0.0.1:56938
Begin MonoManager ReloadAssembly
Registering precompiled unity dll's ...
Register platform support module: /Applications/Unity/Hub/Editor/2021.1.23f1/PlaybackEngines/WebGLSupport/UnityEditor.WebGL.Extensions.dll
Register platform support module: /Applications/Unity/Hub/Editor/2021.1.23f1/Unity.app/Contents/PlaybackEngines/MacStandaloneSupport/UnityEditor.OSXStandalone.Extensions.dll
Register platform support module: /Applications/Unity/Hub/Editor/2021.1.23f1/PlaybackEngines/WindowsStandaloneSupport/UnityEditor.WindowsStandalone.Extensions.dll
Register platform support module: /Applications/Unity/Hub/Editor/2021.1.23f1/PlaybackEngines/LinuxStandaloneSupport/UnityEditor.LinuxStandalone.Extensions.dll
Registered in 0.001407 seconds.
Native extension for LinuxStandalone target not found
Native extension for WindowsStandalone target not found
Native extension for OSXStandalone target not found
Native extension for WebGL target not found
Refreshing native plugins compatible for Editor in 127.41 ms, found 2 plugins.
Preloading 0 native plugins for Editor in 0.00 ms.
Mono: successfully reloaded assembly
- Completed reload, in  4.699 seconds
Domain Reload Profiling:
	ReloadAssembly (4700ms)
		BeginReloadAssembly (70ms)
			ExecutionOrderSort (0ms)
			DisableScriptedObjects (0ms)
			BackupInstance (0ms)
			ReleaseScriptingObjects (0ms)
			CreateAndSetChildDomain (1ms)
		EndReloadAssembly (908ms)
			LoadAssemblies (69ms)
			RebuildTransferFunctionScriptingTraits (0ms)
			SetupTypeCache (309ms)
			ReleaseScriptCaches (0ms)
			RebuildScriptCaches (103ms)
			SetupLoadedEditorAssemblies (428ms)
				LogAssemblyErrors (0ms)
				InitializePlatformSupportModulesInManaged (13ms)
				SetLoadedEditorAssemblies (0ms)
				RefreshPlugins (127ms)
				BeforeProcessingInitializeOnLoad (2ms)
				ProcessInitializeOnLoadAttributes (206ms)
				ProcessInitializeOnLoadMethodAttributes (79ms)
				AfterProcessingInitializeOnLoad (0ms)
				EditorAssembliesLoaded (0ms)
			ExecutionOrderSort2 (0ms)
			AwakeInstancesAfterBackupRestoration (0ms)
Platform modules already initialized, skipping
Registering precompiled user dll's ...
Registered in 0.004887 seconds.
Begin MonoManager ReloadAssembly
Symbol file LoadedFromMemory doesn't match image /Users/juanmarcosviudezfernandez/Desktop/TITULOS/GAME PAINTBALL/NewPaintball/Library/PackageCache/com.unity.visualscripting@1.6.1/Editor/VisualScripting.Core/Dependencies/YamlDotNet/Unity.VisualScripting.YamlDotNet.dll
Symbol file LoadedFromMemory doesn't match image /Users/juanmarcosviudezfernandez/Desktop/TITULOS/GAME PAINTBALL/NewPaintball/Library/PackageCache/com.unity.visualscripting@1.6.1/Editor/VisualScripting.Core/Dependencies/DotNetZip/Unity.VisualScripting.IonicZip.dll
Native extension for LinuxStandalone target not found
Native extension for WindowsStandalone target not found
Native extension for OSXStandalone target not found
Native extension for WebGL target not found
Refreshing native plugins compatible for Editor in 0.78 ms, found 2 plugins.
Preloading 0 native plugins for Editor in 0.00 ms.
Mono: successfully reloaded assembly
- Completed reload, in  2.601 seconds
Domain Reload Profiling:
	ReloadAssembly (2602ms)
		BeginReloadAssembly (410ms)
			ExecutionOrderSort (0ms)
			DisableScriptedObjects (9ms)
			BackupInstance (0ms)
			ReleaseScriptingObjects (0ms)
			CreateAndSetChildDomain (94ms)
		EndReloadAssembly (1966ms)
			LoadAssemblies (227ms)
			RebuildTransferFunctionScriptingTraits (0ms)
			SetupTypeCache (754ms)
			ReleaseScriptCaches (1ms)
			RebuildScriptCaches (137ms)
			SetupLoadedEditorAssemblies (549ms)
				LogAssemblyErrors (0ms)
				InitializePlatformSupportModulesInManaged (13ms)
				SetLoadedEditorAssemblies (1ms)
				RefreshPlugins (1ms)
				BeforeProcessingInitializeOnLoad (103ms)
				ProcessInitializeOnLoadAttributes (421ms)
				ProcessInitializeOnLoadMethodAttributes (8ms)
				AfterProcessingInitializeOnLoad (2ms)
				EditorAssembliesLoaded (0ms)
			ExecutionOrderSort2 (0ms)
			AwakeInstancesAfterBackupRestoration (11ms)
Platform modules already initialized, skipping
========================================================================
Worker process is ready to serve import requests
Default GameObject Tag: waypoint already registered
Default GameObject Tag: zombie already registered
Default GameObject Tag: waypoint already registered
Launching external process: /Applications/Unity/Hub/Editor/2021.1.23f1/Unity.app/Contents/Tools/UnityShaderCompiler
Launched and connected shader compiler UnityShaderCompiler after 0.02 seconds
Refreshing native plugins compatible for Editor in 0.71 ms, found 2 plugins.
Preloading 0 native plugins for Editor in 0.00 ms.
Unloading 2998 Unused Serialized files (Serialized files now loaded: 0)
System memory in use before: 237.8 MB.
System memory in use after: 238.0 MB.

Unloading 20 unused Assets to reduce memory usage. Loaded Objects now: 3469.
Total: 3.667684 ms (FindLiveObjects: 0.268896 ms CreateObjectMapping: 0.147879 ms MarkObjects: 3.166678 ms  DeleteObjects: 0.083164 ms)

AssetImportParameters requested are different than current active one (requested -> active):
  custom:video-decoder-ogg-theora: a1e56fd34408186e4bbccfd4996cb3dc -> 
  custom:container-muxer-webm: aa71ff27fc2769a1b78a27578f13a17b -> 
  custom:container-demuxer-webm: 4f35f7cbe854078d1ac9338744f61a02 -> 
  custom:container-demuxer-ogg: 62fdf1f143b41e24485cea50d1cbac27 -> 
  custom:video-encoder-webm-vp8: eb34c28f22e8b96e1ab97ce403110664 -> 
  custom:framework-osx-AVFoundation: e770b220cccbd017edd2c1fefb359320 -> 
  custom:video-decoder-webm-vp8: 9c59270c3fd7afecdb556c50c9e8de78 -> 
  custom:audio-decoder-ogg-vorbis: bf7c407c2cedff20999df2af8eb42d56 -> 
  custom:audio-encoder-webm-vorbis: bf7c407c2cedff20999df2af8eb42d56 -> 
========================================================================
Received Import Request.
  path: Assets/Scripts/claseInterface.cs
  artifactKey: Guid(aa93f6184324e48789abfe346fbc0061) Importer(815301076,1909f56bfc062723c751e8b465ee728b)
Start importing Assets/Scripts/claseInterface.cs using Guid(aa93f6184324e48789abfe346fbc0061) Importer(815301076,1909f56bfc062723c751e8b465ee728b)  -> (artifact id: 'ed1e78ba6fac04c2f1ea02eacad2b02a') in 0.449493 seconds 
========================================================================
Received Import Request.
  Time since last request: 15.135986 seconds.
  path: Assets/Scripts/handleCanvas.cs
  artifactKey: Guid(6c17ed3dd298544c2ac83854589a5d34) Importer(815301076,1909f56bfc062723c751e8b465ee728b)
Start importing Assets/Scripts/handleCanvas.cs using Guid(6c17ed3dd298544c2ac83854589a5d34) Importer(815301076,1909f56bfc062723c751e8b465ee728b)  -> (artifact id: 'e4699216c1c255babd59d8f21ecf3bfa') in 0.007148 seconds 
========================================================================
Received Import Request.
  Time since last request: 6.787087 seconds.
  path: Assets/Scripts/interfaceDeBotones.cs
  artifactKey: Guid(e35beed2b685041bd949a40e67d5374c) Importer(815301076,1909f56bfc062723c751e8b465ee728b)
Start importing Assets/Scripts/interfaceDeBotones.cs using Guid(e35beed2b685041bd949a40e67d5374c) Importer(815301076,1909f56bfc062723c751e8b465ee728b)  -> (artifact id: '2ee2fb2a101611d6469f3462e3a2938d') in 0.007308 seconds 
========================================================================
Received Import Request.
  Time since last request: 31.644590 seconds.
  path: Assets/Scripts/inventarioV001.cs
  artifactKey: Guid(8fb9098d42be64d5197efae539abeabb) Importer(815301076,1909f56bfc062723c751e8b465ee728b)
Start importing Assets/Scripts/inventarioV001.cs using Guid(8fb9098d42be64d5197efae539abeabb) Importer(815301076,1909f56bfc062723c751e8b465ee728b)  -> (artifact id: 'e6625acd77545102f0a4bcefa14a3aaa') in 0.005748 seconds 
========================================================================
Received Import Request.
  Time since last request: 8.308818 seconds.
  path: Assets/Scripts/pantallaInventario.js
  artifactKey: Guid(feec827225d4d46a1bc2861ccc683e41) Importer(815301076,1909f56bfc062723c751e8b465ee728b)
Start importing Assets/Scripts/pantallaInventario.js using Guid(feec827225d4d46a1bc2861ccc683e41) Importer(815301076,1909f56bfc062723c751e8b465ee728b)  -> (artifact id: '7f2031c1928428a2c2c29b8dd92f33ff') in 0.415207 seconds 
========================================================================
Received Import Request.
  Time since last request: 4.847494 seconds.
  path: Assets/Scripts/propiedadesGamev002.cs
  artifactKey: Guid(f0831e6a5e86245b79f3dbcc3682f40d) Importer(815301076,1909f56bfc062723c751e8b465ee728b)
Start importing Assets/Scripts/propiedadesGamev002.cs using Guid(f0831e6a5e86245b79f3dbcc3682f40d) Importer(815301076,1909f56bfc062723c751e8b465ee728b)  -> (artifact id: '9e494f7a3ba82039c665d5fbb0e8ffa9') in 0.009429 seconds 
========================================================================
Received Import Request.
  Time since last request: 127.040409 seconds.
  path: Assets/Scripts/moverEscenarioCamara.cs
  artifactKey: Guid(2c7ebe33b6e4f43d5bbb69ad7a733228) Importer(815301076,1909f56bfc062723c751e8b465ee728b)
Start importing Assets/Scripts/moverEscenarioCamara.cs using Guid(2c7ebe33b6e4f43d5bbb69ad7a733228) Importer(815301076,1909f56bfc062723c751e8b465ee728b)  -> (artifact id: '9973ec83b93ec2ffb54e6229f96ae611') in 0.004665 seconds 
========================================================================
Received Import Request.
  Time since last request: 2.914227 seconds.
  path: Assets/Scripts/PropiedadesGame.cs
  artifactKey: Guid(eff6ffe6af466436ba419ab521843d23) Importer(815301076,1909f56bfc062723c751e8b465ee728b)
Start importing Assets/Scripts/PropiedadesGame.cs using Guid(eff6ffe6af466436ba419ab521843d23) Importer(815301076,1909f56bfc062723c751e8b465ee728b)  -> (artifact id: '53101f981a0fdc11d4ffb691042645b3') in 0.004508 seconds 
========================================================================
Received Prepare
Default GameObject Tag: waypoint already registered
Default GameObject Tag: zombie already registered
Default GameObject Tag: waypoint already registered
Refreshing native plugins compatible for Editor in 2.65 ms, found 2 plugins.
Preloading 0 native plugins for Editor in 0.00 ms.
Unloading 14 Unused Serialized files (Serialized files now loaded: 0)
System memory in use before: 186.7 MB.
System memory in use after: 187.0 MB.

Unloading 13 unused Assets to reduce memory usage. Loaded Objects now: 3469.
Total: 4.404688 ms (FindLiveObjects: 0.283646 ms CreateObjectMapping: 0.172336 ms MarkObjects: 3.924520 ms  DeleteObjects: 0.023239 ms)

AssetImportParameters requested are different than current active one (requested -> active):
  custom:video-decoder-ogg-theora: a1e56fd34408186e4bbccfd4996cb3dc -> 
  custom:container-muxer-webm: aa71ff27fc2769a1b78a27578f13a17b -> 
  custom:container-demuxer-webm: 4f35f7cbe854078d1ac9338744f61a02 -> 
  custom:container-demuxer-ogg: 62fdf1f143b41e24485cea50d1cbac27 -> 
  custom:video-encoder-webm-vp8: eb34c28f22e8b96e1ab97ce403110664 -> 
  custom:framework-osx-AVFoundation: e770b220cccbd017edd2c1fefb359320 -> 
  custom:video-decoder-webm-vp8: 9c59270c3fd7afecdb556c50c9e8de78 -> 
  custom:audio-decoder-ogg-vorbis: bf7c407c2cedff20999df2af8eb42d56 -> 
  custom:audio-encoder-webm-vorbis: bf7c407c2cedff20999df2af8eb42d56 -> 
========================================================================
Received Prepare
Default GameObject Tag: waypoint already registered
Default GameObject Tag: zombie already registered
Default GameObject Tag: waypoint already registered
Refreshing native plugins compatible for Editor in 2.58 ms, found 2 plugins.
Preloading 0 native plugins for Editor in 0.00 ms.
Unloading 14 Unused Serialized files (Serialized files now loaded: 0)
System memory in use before: 187.0 MB.
System memory in use after: 187.3 MB.

Unloading 13 unused Assets to reduce memory usage. Loaded Objects now: 3469.
Total: 5.069384 ms (FindLiveObjects: 0.258964 ms CreateObjectMapping: 0.151299 ms MarkObjects: 4.638380 ms  DeleteObjects: 0.019487 ms)

AssetImportParameters requested are different than current active one (requested -> active):
  custom:video-decoder-ogg-theora: a1e56fd34408186e4bbccfd4996cb3dc -> 
  custom:container-muxer-webm: aa71ff27fc2769a1b78a27578f13a17b -> 
  custom:container-demuxer-webm: 4f35f7cbe854078d1ac9338744f61a02 -> 
  custom:container-demuxer-ogg: 62fdf1f143b41e24485cea50d1cbac27 -> 
  custom:video-encoder-webm-vp8: eb34c28f22e8b96e1ab97ce403110664 -> 
  custom:framework-osx-AVFoundation: e770b220cccbd017edd2c1fefb359320 -> 
  custom:video-decoder-webm-vp8: 9c59270c3fd7afecdb556c50c9e8de78 -> 
  custom:audio-decoder-ogg-vorbis: bf7c407c2cedff20999df2af8eb42d56 -> 
  custom:audio-encoder-webm-vorbis: bf7c407c2cedff20999df2af8eb42d56 -> 
========================================================================
Received Prepare
Default GameObject Tag: waypoint already registered
Default GameObject Tag: zombie already registered
Default GameObject Tag: waypoint already registered
Refreshing native plugins compatible for Editor in 2.69 ms, found 2 plugins.
Preloading 0 native plugins for Editor in 0.00 ms.
Unloading 14 Unused Serialized files (Serialized files now loaded: 0)
System memory in use before: 187.3 MB.
System memory in use after: 187.5 MB.

Unloading 13 unused Assets to reduce memory usage. Loaded Objects now: 3469.
Total: 4.502835 ms (FindLiveObjects: 0.338465 ms CreateObjectMapping: 0.173316 ms MarkObjects: 3.970388 ms  DeleteObjects: 0.019467 ms)

AssetImportParameters requested are different than current active one (requested -> active):
  custom:video-decoder-ogg-theora: a1e56fd34408186e4bbccfd4996cb3dc -> 
  custom:container-muxer-webm: aa71ff27fc2769a1b78a27578f13a17b -> 
  custom:container-demuxer-webm: 4f35f7cbe854078d1ac9338744f61a02 -> 
  custom:container-demuxer-ogg: 62fdf1f143b41e24485cea50d1cbac27 -> 
  custom:video-encoder-webm-vp8: eb34c28f22e8b96e1ab97ce403110664 -> 
  custom:framework-osx-AVFoundation: e770b220cccbd017edd2c1fefb359320 -> 
  custom:video-decoder-webm-vp8: 9c59270c3fd7afecdb556c50c9e8de78 -> 
  custom:audio-decoder-ogg-vorbis: bf7c407c2cedff20999df2af8eb42d56 -> 
  custom:audio-encoder-webm-vorbis: bf7c407c2cedff20999df2af8eb42d56 -> 
========================================================================
Received Prepare
Default GameObject Tag: waypoint already registered
Default GameObject Tag: zombie already registered
Default GameObject Tag: waypoint already registered
Refreshing native plugins compatible for Editor in 2.76 ms, found 2 plugins.
Preloading 0 native plugins for Editor in 0.00 ms.
Unloading 14 Unused Serialized files (Serialized files now loaded: 0)
System memory in use before: 187.5 MB.
System memory in use after: 187.7 MB.

Unloading 13 unused Assets to reduce memory usage. Loaded Objects now: 3469.
Total: 4.562777 ms (FindLiveObjects: 0.317858 ms CreateObjectMapping: 0.174601 ms MarkObjects: 4.052733 ms  DeleteObjects: 0.016660 ms)

AssetImportParameters requested are different than current active one (requested -> active):
  custom:video-decoder-ogg-theora: a1e56fd34408186e4bbccfd4996cb3dc -> 
  custom:container-muxer-webm: aa71ff27fc2769a1b78a27578f13a17b -> 
  custom:container-demuxer-webm: 4f35f7cbe854078d1ac9338744f61a02 -> 
  custom:container-demuxer-ogg: 62fdf1f143b41e24485cea50d1cbac27 -> 
  custom:video-encoder-webm-vp8: eb34c28f22e8b96e1ab97ce403110664 -> 
  custom:framework-osx-AVFoundation: e770b220cccbd017edd2c1fefb359320 -> 
  custom:video-decoder-webm-vp8: 9c59270c3fd7afecdb556c50c9e8de78 -> 
  custom:audio-decoder-ogg-vorbis: bf7c407c2cedff20999df2af8eb42d56 -> 
  custom:audio-encoder-webm-vorbis: bf7c407c2cedff20999df2af8eb42d56 -> 
========================================================================
Received Prepare
Default GameObject Tag: waypoint already registered
Default GameObject Tag: zombie already registered
Default GameObject Tag: waypoint already registered
Refreshing native plugins compatible for Editor in 3.29 ms, found 2 plugins.
Preloading 0 native plugins for Editor in 0.00 ms.
Unloading 14 Unused Serialized files (Serialized files now loaded: 0)
System memory in use before: 187.7 MB.
System memory in use after: 187.9 MB.

Unloading 13 unused Assets to reduce memory usage. Loaded Objects now: 3469.
Total: 5.381100 ms (FindLiveObjects: 0.319906 ms CreateObjectMapping: 0.172772 ms MarkObjects: 4.864515 ms  DeleteObjects: 0.022470 ms)

AssetImportParameters requested are different than current active one (requested -> active):
  custom:video-decoder-ogg-theora: a1e56fd34408186e4bbccfd4996cb3dc -> 
  custom:container-muxer-webm: aa71ff27fc2769a1b78a27578f13a17b -> 
  custom:container-demuxer-webm: 4f35f7cbe854078d1ac9338744f61a02 -> 
  custom:container-demuxer-ogg: 62fdf1f143b41e24485cea50d1cbac27 -> 
  custom:video-encoder-webm-vp8: eb34c28f22e8b96e1ab97ce403110664 -> 
  custom:framework-osx-AVFoundation: e770b220cccbd017edd2c1fefb359320 -> 
  custom:video-decoder-webm-vp8: 9c59270c3fd7afecdb556c50c9e8de78 -> 
  custom:audio-decoder-ogg-vorbis: bf7c407c2cedff20999df2af8eb42d56 -> 
  custom:audio-encoder-webm-vorbis: bf7c407c2cedff20999df2af8eb42d56 -> 
========================================================================
Received Prepare
Default GameObject Tag: waypoint already registered
Default GameObject Tag: zombie already registered
Default GameObject Tag: waypoint already registered
Refreshing native plugins compatible for Editor in 3.98 ms, found 2 plugins.
Preloading 0 native plugins for Editor in 0.00 ms.
Unloading 14 Unused Serialized files (Serialized files now loaded: 0)
System memory in use before: 187.9 MB.
System memory in use after: 188.2 MB.

Unloading 13 unused Assets to reduce memory usage. Loaded Objects now: 3469.
Total: 5.570791 ms (FindLiveObjects: 0.356580 ms CreateObjectMapping: 0.360433 ms MarkObjects: 4.832736 ms  DeleteObjects: 0.019846 ms)

AssetImportParameters requested are different than current active one (requested -> active):
  custom:video-decoder-ogg-theora: a1e56fd34408186e4bbccfd4996cb3dc -> 
  custom:container-muxer-webm: aa71ff27fc2769a1b78a27578f13a17b -> 
  custom:container-demuxer-webm: 4f35f7cbe854078d1ac9338744f61a02 -> 
  custom:container-demuxer-ogg: 62fdf1f143b41e24485cea50d1cbac27 -> 
  custom:video-encoder-webm-vp8: eb34c28f22e8b96e1ab97ce403110664 -> 
  custom:framework-osx-AVFoundation: e770b220cccbd017edd2c1fefb359320 -> 
  custom:video-decoder-webm-vp8: 9c59270c3fd7afecdb556c50c9e8de78 -> 
  custom:audio-decoder-ogg-vorbis: bf7c407c2cedff20999df2af8eb42d56 -> 
  custom:audio-encoder-webm-vorbis: bf7c407c2cedff20999df2af8eb42d56 -> 
========================================================================
Received Prepare
Default GameObject Tag: waypoint already registered
Default GameObject Tag: zombie already registered
Default GameObject Tag: waypoint already registered
Refreshing native plugins compatible for Editor in 2.94 ms, found 2 plugins.
Preloading 0 native plugins for Editor in 0.00 ms.
Unloading 14 Unused Serialized files (Serialized files now loaded: 0)
System memory in use before: 188.1 MB.
System memory in use after: 188.4 MB.

Unloading 13 unused Assets to reduce memory usage. Loaded Objects now: 3469.
Total: 4.857454 ms (FindLiveObjects: 0.311677 ms CreateObjectMapping: 0.272337 ms MarkObjects: 4.251083 ms  DeleteObjects: 0.021100 ms)

AssetImportParameters requested are different than current active one (requested -> active):
  custom:video-decoder-ogg-theora: a1e56fd34408186e4bbccfd4996cb3dc -> 
  custom:container-muxer-webm: aa71ff27fc2769a1b78a27578f13a17b -> 
  custom:container-demuxer-webm: 4f35f7cbe854078d1ac9338744f61a02 -> 
  custom:container-demuxer-ogg: 62fdf1f143b41e24485cea50d1cbac27 -> 
  custom:video-encoder-webm-vp8: eb34c28f22e8b96e1ab97ce403110664 -> 
  custom:framework-osx-AVFoundation: e770b220cccbd017edd2c1fefb359320 -> 
  custom:video-decoder-webm-vp8: 9c59270c3fd7afecdb556c50c9e8de78 -> 
  custom:audio-decoder-ogg-vorbis: bf7c407c2cedff20999df2af8eb42d56 -> 
  custom:audio-encoder-webm-vorbis: bf7c407c2cedff20999df2af8eb42d56 -> 
========================================================================
Received Prepare
Default GameObject Tag: waypoint already registered
Default GameObject Tag: zombie already registered
Default GameObject Tag: waypoint already registered
Refreshing native plugins compatible for Editor in 3.73 ms, found 2 plugins.
Preloading 0 native plugins for Editor in 0.00 ms.
Unloading 14 Unused Serialized files (Serialized files now loaded: 0)
System memory in use before: 188.4 MB.
System memory in use after: 188.6 MB.

Unloading 13 unused Assets to reduce memory usage. Loaded Objects now: 3469.
Total: 6.010299 ms (FindLiveObjects: 0.358859 ms CreateObjectMapping: 0.444936 ms MarkObjects: 5.182676 ms  DeleteObjects: 0.022325 ms)

AssetImportParameters requested are different than current active one (requested -> active):
  custom:video-decoder-ogg-theora: a1e56fd34408186e4bbccfd4996cb3dc -> 
  custom:container-muxer-webm: aa71ff27fc2769a1b78a27578f13a17b -> 
  custom:container-demuxer-webm: 4f35f7cbe854078d1ac9338744f61a02 -> 
  custom:container-demuxer-ogg: 62fdf1f143b41e24485cea50d1cbac27 -> 
  custom:video-encoder-webm-vp8: eb34c28f22e8b96e1ab97ce403110664 -> 
  custom:framework-osx-AVFoundation: e770b220cccbd017edd2c1fefb359320 -> 
  custom:video-decoder-webm-vp8: 9c59270c3fd7afecdb556c50c9e8de78 -> 
  custom:audio-decoder-ogg-vorbis: bf7c407c2cedff20999df2af8eb42d56 -> 
  custom:audio-encoder-webm-vorbis: bf7c407c2cedff20999df2af8eb42d56 -> 
AssetImportWorkerClient::OnTransportError - code=2 error=End of file
